TN:
SF:/home/travis/build/thailekha/dynamic-dockerizer-master/src/index.js
FN:,(anonymous_1)
FN:,(anonymous_2)
FNF:2
FNH:1
FNDA:0,(anonymous_1)
FNDA:1,(anonymous_2)
DA:1,1
DA:2,1
DA:3,1
DA:4,1
DA:5,1
DA:6,1
DA:7,1
DA:8,1
DA:9,1
DA:10,1
DA:11,1
DA:13,1
DA:23,1
DA:28,1
DA:29,1
DA:32,1
DA:35,1
DA:39,1
DA:43,1
DA:45,1
DA:47,1
DA:48,0
DA:51,1
DA:53,1
DA:54,1
LF:25
LH:24
BRDA:,0,0,1
BRDA:,0,1,1
BRF:2
BRH:2
end_of_record
TN:
SF:/home/travis/build/thailekha/dynamic-dockerizer-master/src/api/ec2.js
FN:,(anonymous_2)
FN:,(anonymous_3)
FN:,(anonymous_4)
FN:,(anonymous_5)
FN:,(anonymous_6)
FN:,(anonymous_7)
FN:,(anonymous_8)
FN:,(anonymous_9)
FN:,(anonymous_10)
FN:,(anonymous_11)
FN:,(anonymous_12)
FN:,(anonymous_13)
FNF:12
FNH:0
FNDA:0,(anonymous_2)
FNDA:0,(anonymous_3)
FNDA:0,(anonymous_4)
FNDA:0,(anonymous_5)
FNDA:0,(anonymous_6)
FNDA:0,(anonymous_7)
FNDA:0,(anonymous_8)
FNDA:0,(anonymous_9)
FNDA:0,(anonymous_10)
FNDA:0,(anonymous_11)
FNDA:0,(anonymous_12)
FNDA:0,(anonymous_13)
DA:1,1
DA:2,1
DA:3,1
DA:4,1
DA:5,1
DA:6,1
DA:8,1
DA:11,1
DA:12,1
DA:14,1
DA:15,0
DA:21,0
DA:22,0
DA:23,0
DA:26,0
DA:30,1
DA:31,0
DA:40,0
DA:41,0
DA:42,0
DA:45,0
DA:49,1
DA:50,0
DA:51,0
DA:52,0
DA:54,0
DA:58,1
DA:59,0
DA:61,0
DA:66,0
DA:67,0
DA:68,0
DA:71,0
DA:75,1
DA:76,0
DA:77,0
DA:78,0
DA:79,0
DA:81,0
DA:85,1
DA:86,0
DA:87,0
DA:88,0
DA:91,0
DA:92,0
DA:95,0
DA:96,0
DA:99,0
DA:103,1
LF:49
LH:16
BRDA:,0,0,0
BRDA:,0,1,0
BRDA:,1,0,0
BRDA:,1,1,0
BRDA:,2,0,0
BRDA:,2,1,0
BRDA:,3,0,0
BRDA:,3,1,0
BRDA:,4,0,0
BRDA:,4,1,0
BRDA:,5,0,0
BRDA:,5,1,0
BRDA:,6,0,0
BRDA:,6,1,0
BRDA:,7,0,0
BRDA:,7,1,0
BRF:16
BRH:0
end_of_record
TN:
SF:/home/travis/build/thailekha/dynamic-dockerizer-master/src/api/iam.js
FN:,(anonymous_1)
FN:,(anonymous_2)
FNF:2
FNH:2
FNDA:1,(anonymous_1)
FNDA:1,(anonymous_2)
DA:1,1
DA:2,1
DA:3,1
DA:4,1
DA:5,1
DA:7,1
DA:37,1
DA:38,1
DA:40,1
DA:41,1
DA:42,0
DA:45,1
DA:49,2
DA:51,1
LF:14
LH:13
BRDA:,0,0,0
BRDA:,0,1,1
BRF:2
BRH:1
end_of_record
TN:
SF:/home/travis/build/thailekha/dynamic-dockerizer-master/src/api/index.js
FN:,buildAPI
FNF:1
FNH:1
FNDA:1,buildAPI
DA:1,1
DA:2,1
DA:3,1
DA:4,1
DA:6,1
DA:9,1
DA:10,1
DA:11,1
LF:8
LH:8
BRF:0
BRH:0
end_of_record
TN:
SF:/home/travis/build/thailekha/dynamic-dockerizer-master/src/api/progress.js
FN:,(anonymous_2)
FN:,(anonymous_3)
FN:,(anonymous_4)
FNF:3
FNH:0
FNDA:0,(anonymous_2)
FNDA:0,(anonymous_3)
FNDA:0,(anonymous_4)
DA:1,1
DA:2,1
DA:3,1
DA:4,1
DA:6,1
DA:9,1
DA:11,1
DA:12,0
DA:15,0
DA:16,0
DA:18,0
DA:22,1
DA:23,0
DA:24,0
DA:27,1
LF:15
LH:9
BRDA:,0,0,0
BRDA:,0,1,0
BRF:2
BRH:0
end_of_record
TN:
SF:/home/travis/build/thailekha/dynamic-dockerizer-master/src/api/ec2/index.js
FN:,filterRunningInstances
FN:,(anonymous_3)
FN:,(anonymous_4)
FN:,(anonymous_5)
FN:,(anonymous_6)
FN:,getInstances
FN:,(anonymous_8)
FN:,(anonymous_9)
FN:,(anonymous_10)
FN:,(anonymous_11)
FN:,(anonymous_12)
FN:,getClone
FN:,(anonymous_14)
FN:,(anonymous_15)
FN:,(anonymous_16)
FN:,(anonymous_17)
FN:,(anonymous_18)
FN:,(anonymous_19)
FN:,(anonymous_20)
FN:,(anonymous_21)
FN:,(anonymous_22)
FN:,(anonymous_23)
FN:,(anonymous_24)
FN:,(anonymous_25)
FN:,(anonymous_26)
FN:,getTarget
FN:,(anonymous_28)
FN:,(anonymous_29)
FN:,update
FN:,(anonymous_31)
FN:,(anonymous_32)
FN:,cloneInstance
FN:,(anonymous_34)
FN:,(anonymous_35)
FN:,(anonymous_36)
FN:,(anonymous_37)
FN:,(anonymous_38)
FN:,(anonymous_39)
FN:,(anonymous_40)
FN:,(anonymous_41)
FN:,(anonymous_42)
FN:,(anonymous_43)
FN:,(anonymous_44)
FN:,(anonymous_45)
FN:,(anonymous_46)
FN:,(anonymous_47)
FN:,(anonymous_48)
FN:,(anonymous_49)
FN:,(anonymous_50)
FN:,(anonymous_51)
FN:,targetImportedAndCloned
FN:,(anonymous_53)
FN:,(anonymous_54)
FN:,(anonymous_55)
FN:,(anonymous_56)
FN:,(anonymous_57)
FNF:56
FNH:0
FNDA:0,filterRunningInstances
FNDA:0,(anonymous_3)
FNDA:0,(anonymous_4)
FNDA:0,(anonymous_5)
FNDA:0,(anonymous_6)
FNDA:0,getInstances
FNDA:0,(anonymous_8)
FNDA:0,(anonymous_9)
FNDA:0,(anonymous_10)
FNDA:0,(anonymous_11)
FNDA:0,(anonymous_12)
FNDA:0,getClone
FNDA:0,(anonymous_14)
FNDA:0,(anonymous_15)
FNDA:0,(anonymous_16)
FNDA:0,(anonymous_17)
FNDA:0,(anonymous_18)
FNDA:0,(anonymous_19)
FNDA:0,(anonymous_20)
FNDA:0,(anonymous_21)
FNDA:0,(anonymous_22)
FNDA:0,(anonymous_23)
FNDA:0,(anonymous_24)
FNDA:0,(anonymous_25)
FNDA:0,(anonymous_26)
FNDA:0,getTarget
FNDA:0,(anonymous_28)
FNDA:0,(anonymous_29)
FNDA:0,update
FNDA:0,(anonymous_31)
FNDA:0,(anonymous_32)
FNDA:0,cloneInstance
FNDA:0,(anonymous_34)
FNDA:0,(anonymous_35)
FNDA:0,(anonymous_36)
FNDA:0,(anonymous_37)
FNDA:0,(anonymous_38)
FNDA:0,(anonymous_39)
FNDA:0,(anonymous_40)
FNDA:0,(anonymous_41)
FNDA:0,(anonymous_42)
FNDA:0,(anonymous_43)
FNDA:0,(anonymous_44)
FNDA:0,(anonymous_45)
FNDA:0,(anonymous_46)
FNDA:0,(anonymous_47)
FNDA:0,(anonymous_48)
FNDA:0,(anonymous_49)
FNDA:0,(anonymous_50)
FNDA:0,(anonymous_51)
FNDA:0,targetImportedAndCloned
FNDA:0,(anonymous_53)
FNDA:0,(anonymous_54)
FNDA:0,(anonymous_55)
FNDA:0,(anonymous_56)
FNDA:0,(anonymous_57)
DA:1,1
DA:2,1
DA:3,1
DA:4,1
DA:7,0
DA:9,0
DA:11,0
DA:12,0
DA:21,0
DA:26,0
DA:28,0
DA:30,0
DA:31,0
DA:32,0
DA:35,0
DA:36,0
DA:39,0
DA:43,0
DA:44,0
DA:45,0
DA:46,0
DA:47,0
DA:50,0
DA:52,0
DA:57,0
DA:58,0
DA:60,0
DA:65,0
DA:67,0
DA:69,0
DA:70,0
DA:71,0
DA:74,0
DA:75,0
DA:78,0
DA:79,0
DA:82,0
DA:86,0
DA:89,0
DA:90,0
DA:91,0
DA:92,0
DA:93,0
DA:96,0
DA:98,0
DA:102,0
DA:105,0
DA:106,0
DA:107,0
DA:110,0
DA:111,0
DA:114,0
DA:117,0
DA:118,0
DA:120,0
DA:122,0
DA:123,0
DA:126,0
DA:127,0
DA:129,0
DA:130,0
DA:133,0
DA:134,0
DA:139,0
DA:140,0
DA:142,0
DA:147,0
DA:148,0
DA:149,0
DA:152,0
DA:153,0
DA:155,0
DA:156,0
DA:159,0
DA:164,0
DA:166,0
DA:167,0
DA:168,0
DA:178,0
DA:179,0
DA:180,0
DA:183,0
DA:189,0
DA:190,0
DA:192,0
DA:194,0
DA:195,0
DA:196,0
DA:199,0
DA:200,0
DA:203,0
DA:207,0
DA:208,0
DA:209,0
DA:212,0
DA:213,0
DA:217,0
DA:218,0
DA:219,0
DA:222,0
DA:223,0
DA:226,0
DA:230,0
DA:231,0
DA:232,0
DA:233,0
DA:235,0
DA:239,0
DA:240,0
DA:241,0
DA:242,0
DA:244,0
DA:245,0
DA:246,0
DA:247,0
DA:248,0
DA:250,0
DA:253,0
DA:258,0
DA:259,0
DA:260,0
DA:262,0
DA:266,0
DA:267,0
DA:269,0
DA:270,0
DA:272,0
DA:276,0
DA:277,0
DA:278,0
DA:280,0
DA:284,0
DA:285,0
DA:288,0
DA:293,0
DA:294,0
DA:296,0
DA:298,0
DA:299,0
DA:300,0
DA:303,0
DA:304,0
DA:307,0
DA:311,0
DA:312,0
DA:313,0
DA:316,0
DA:317,0
DA:320,0
DA:321,0
DA:324,0
DA:329,0
DA:330,0
DA:332,0
LF:154
LH:4
BRDA:,0,0,0
BRDA:,0,1,0
BRDA:,1,0,0
BRDA:,1,1,0
BRDA:,2,0,0
BRDA:,2,1,0
BRDA:,3,0,0
BRDA:,3,1,0
BRDA:,4,0,0
BRDA:,4,1,0
BRDA:,5,0,0
BRDA:,5,1,0
BRDA:,6,0,0
BRDA:,6,1,0
BRDA:,7,0,0
BRDA:,7,1,0
BRDA:,8,0,0
BRDA:,8,1,0
BRDA:,9,0,0
BRDA:,9,1,0
BRDA:,10,0,0
BRDA:,10,1,0
BRDA:,11,0,0
BRDA:,11,1,0
BRDA:,12,0,0
BRDA:,12,1,0
BRDA:,13,0,0
BRDA:,13,1,0
BRDA:,14,0,0
BRDA:,14,1,0
BRDA:,15,0,0
BRDA:,15,1,0
BRDA:,16,0,0
BRDA:,16,1,0
BRDA:,17,0,0
BRDA:,17,1,0
BRDA:,18,0,0
BRDA:,18,1,0
BRDA:,19,0,0
BRDA:,19,1,0
BRDA:,20,0,0
BRDA:,20,1,0
BRDA:,21,0,0
BRDA:,21,1,0
BRDA:,22,0,0
BRDA:,22,1,0
BRDA:,23,0,0
BRDA:,23,1,0
BRDA:,24,0,0
BRDA:,24,1,0
BRDA:,25,0,0
BRDA:,25,1,0
BRDA:,26,0,0
BRDA:,26,1,0
BRDA:,27,0,0
BRDA:,27,1,0
BRDA:,28,0,0
BRDA:,28,1,0
BRDA:,29,0,0
BRDA:,29,1,0
BRDA:,30,0,0
BRDA:,30,1,0
BRDA:,31,0,0
BRDA:,31,1,0
BRDA:,32,0,0
BRDA:,32,1,0
BRDA:,33,0,0
BRDA:,33,1,0
BRDA:,34,0,0
BRDA:,34,1,0
BRDA:,35,0,0
BRDA:,35,1,0
BRDA:,36,0,0
BRDA:,36,1,0
BRF:74
BRH:0
end_of_record
TN:
SF:/home/travis/build/thailekha/dynamic-dockerizer-master/src/api/ec2/lib/terraform.js
FN:,terraformContainerCmd
FN:,init
FN:,(anonymous_3)
FN:,refresh
FN:,(anonymous_5)
FN:,show
FN:,(anonymous_7)
FN:,(anonymous_8)
FN:,(anonymous_9)
FN:,(anonymous_10)
FN:,(anonymous_11)
FN:,showMany
FN:,(anonymous_13)
FN:,(anonymous_14)
FN:,(anonymous_15)
FN:,(anonymous_16)
FN:,importTarget
FN:,(anonymous_18)
FN:,apply
FN:,(anonymous_20)
FNF:20
FNH:0
FNDA:0,terraformContainerCmd
FNDA:0,init
FNDA:0,(anonymous_3)
FNDA:0,refresh
FNDA:0,(anonymous_5)
FNDA:0,show
FNDA:0,(anonymous_7)
FNDA:0,(anonymous_8)
FNDA:0,(anonymous_9)
FNDA:0,(anonymous_10)
FNDA:0,(anonymous_11)
FNDA:0,showMany
FNDA:0,(anonymous_13)
FNDA:0,(anonymous_14)
FNDA:0,(anonymous_15)
FNDA:0,(anonymous_16)
FNDA:0,importTarget
FNDA:0,(anonymous_18)
FNDA:0,apply
FNDA:0,(anonymous_20)
DA:1,1
DA:2,1
DA:5,0
DA:6,0
DA:7,0
DA:12,0
DA:13,0
DA:14,0
DA:16,0
DA:21,0
DA:22,0
DA:23,0
DA:25,0
DA:30,0
DA:32,0
DA:34,0
DA:35,0
DA:36,0
DA:39,0
DA:43,0
DA:44,0
DA:45,0
DA:48,0
DA:49,0
DA:54,0
DA:55,0
DA:57,0
DA:62,0
DA:63,0
DA:64,0
DA:65,0
DA:66,0
DA:69,0
DA:70,0
DA:73,0
DA:77,0
DA:78,0
DA:79,0
DA:82,0
DA:87,0
DA:88,0
DA:89,0
DA:91,0
DA:96,0
DA:97,0
DA:98,0
DA:100,0
LF:47
LH:2
BRDA:,0,0,0
BRDA:,0,1,0
BRDA:,1,0,0
BRDA:,1,1,0
BRDA:,2,0,0
BRDA:,2,1,0
BRDA:,3,0,0
BRDA:,3,1,0
BRDA:,4,0,0
BRDA:,4,1,0
BRDA:,5,0,0
BRDA:,5,1,0
BRDA:,6,0,0
BRDA:,6,1,0
BRDA:,7,0,0
BRDA:,7,1,0
BRDA:,8,0,0
BRDA:,8,1,0
BRDA:,9,0,0
BRDA:,9,1,0
BRF:20
BRH:0
end_of_record
TN:
SF:/home/travis/build/thailekha/dynamic-dockerizer-master/src/api/ec2/lib/workspace.js
FN:,writeAwsSdkConfig
FN:,(anonymous_2)
FN:,create
FN:,(anonymous_4)
FN:,(anonymous_5)
FN:,(anonymous_6)
FN:,(anonymous_7)
FN:,(anonymous_8)
FN:,(anonymous_9)
FN:,(anonymous_10)
FN:,(anonymous_11)
FN:,(anonymous_12)
FN:,(anonymous_13)
FN:,(anonymous_14)
FN:,(anonymous_15)
FN:,(anonymous_16)
FN:,updateVars
FN:,(anonymous_18)
FN:,(anonymous_19)
FN:,(anonymous_20)
FN:,(anonymous_21)
FN:,(anonymous_22)
FN:,(anonymous_23)
FN:,(anonymous_24)
FN:,(anonymous_25)
FN:,(anonymous_26)
FN:,valid
FN:,(anonymous_28)
FN:,(anonymous_29)
FN:,(anonymous_30)
FN:,validWithoutVars
FN:,(anonymous_32)
FN:,validWithVars
FN:,(anonymous_34)
FN:,readVars
FN:,(anonymous_36)
FNF:36
FNH:0
FNDA:0,writeAwsSdkConfig
FNDA:0,(anonymous_2)
FNDA:0,create
FNDA:0,(anonymous_4)
FNDA:0,(anonymous_5)
FNDA:0,(anonymous_6)
FNDA:0,(anonymous_7)
FNDA:0,(anonymous_8)
FNDA:0,(anonymous_9)
FNDA:0,(anonymous_10)
FNDA:0,(anonymous_11)
FNDA:0,(anonymous_12)
FNDA:0,(anonymous_13)
FNDA:0,(anonymous_14)
FNDA:0,(anonymous_15)
FNDA:0,(anonymous_16)
FNDA:0,updateVars
FNDA:0,(anonymous_18)
FNDA:0,(anonymous_19)
FNDA:0,(anonymous_20)
FNDA:0,(anonymous_21)
FNDA:0,(anonymous_22)
FNDA:0,(anonymous_23)
FNDA:0,(anonymous_24)
FNDA:0,(anonymous_25)
FNDA:0,(anonymous_26)
FNDA:0,valid
FNDA:0,(anonymous_28)
FNDA:0,(anonymous_29)
FNDA:0,(anonymous_30)
FNDA:0,validWithoutVars
FNDA:0,(anonymous_32)
FNDA:0,validWithVars
FNDA:0,(anonymous_34)
FNDA:0,readVars
FNDA:0,(anonymous_36)
DA:1,1
DA:2,1
DA:3,1
DA:4,1
DA:5,1
DA:8,0
DA:14,0
DA:15,0
DA:16,0
DA:18,0
DA:23,0
DA:25,0
DA:27,0
DA:28,0
DA:29,0
DA:31,0
DA:35,0
DA:36,0
DA:37,0
DA:39,0
DA:43,0
DA:44,0
DA:45,0
DA:47,0
DA:51,0
DA:52,0
DA:53,0
DA:54,0
DA:56,0
DA:60,0
DA:61,0
DA:62,0
DA:64,0
DA:68,0
DA:69,0
DA:70,0
DA:72,0
DA:76,0
DA:77,0
DA:79,0
DA:84,0
DA:86,0
DA:87,0
DA:90,0
DA:92,0
DA:94,0
DA:95,0
DA:96,0
DA:99,0
DA:100,0
DA:103,0
DA:107,0
DA:108,0
DA:109,0
DA:111,0
DA:115,0
DA:116,0
DA:117,0
DA:119,0
DA:123,0
DA:136,0
DA:137,0
DA:138,0
DA:140,0
DA:145,0
DA:146,0
DA:148,0
DA:153,0
DA:154,0
DA:155,0
DA:156,0
DA:159,0
DA:160,0
DA:163,0
DA:166,0
DA:167,0
DA:170,0
DA:175,0
DA:176,0
DA:182,0
DA:183,0
DA:186,0
DA:191,0
DA:192,0
DA:200,0
DA:201,0
DA:204,0
DA:209,0
DA:210,0
DA:211,0
DA:214,0
LF:91
LH:5
BRDA:,0,0,0
BRDA:,0,1,0
BRDA:,1,0,0
BRDA:,1,1,0
BRDA:,2,0,0
BRDA:,2,1,0
BRDA:,3,0,0
BRDA:,3,1,0
BRDA:,4,0,0
BRDA:,4,1,0
BRDA:,5,0,0
BRDA:,5,1,0
BRDA:,6,0,0
BRDA:,6,1,0
BRDA:,7,0,0
BRDA:,7,1,0
BRDA:,8,0,0
BRDA:,8,1,0
BRDA:,9,0,0
BRDA:,9,1,0
BRDA:,10,0,0
BRDA:,10,1,0
BRDA:,11,0,0
BRDA:,11,1,0
BRDA:,12,0,0
BRDA:,12,1,0
BRDA:,13,0,0
BRDA:,13,1,0
BRDA:,14,0,0
BRDA:,14,1,0
BRDA:,15,0,0
BRDA:,15,1,0
BRDA:,16,0,0
BRDA:,16,1,0
BRDA:,17,0,0
BRDA:,17,1,0
BRDA:,18,0,0
BRDA:,18,1,0
BRDA:,19,0,0
BRDA:,19,1,0
BRDA:,20,0,0
BRDA:,20,1,0
BRF:42
BRH:0
end_of_record
TN:
SF:/home/travis/build/thailekha/dynamic-dockerizer-master/src/api/iam/index.js
FN:,verifyIam
FN:,(anonymous_2)
FNF:2
FNH:2
FNDA:1,verifyIam
FNDA:1,(anonymous_2)
DA:1,1
DA:2,1
DA:5,1
DA:9,1
DA:10,0
DA:12,1
LF:6
LH:5
BRDA:,0,0,0
BRDA:,0,1,1
BRF:2
BRH:1
end_of_record
TN:
SF:/home/travis/build/thailekha/dynamic-dockerizer-master/src/lib/util.js
FN:,toRes
FN:,(anonymous_1)
FN:,overview
FN:,info
FN:,debug
FN:,shell
FN:,(anonymous_6)
FN:,workspaceDir
FN:,optsAllPropertiesExist
FN:,(anonymous_9)
FN:,creds
FN:,setkeyv
FN:,(anonymous_12)
FNF:13
FNH:1
FNDA:0,toRes
FNDA:0,(anonymous_1)
FNDA:0,overview
FNDA:0,info
FNDA:0,debug
FNDA:0,shell
FNDA:0,(anonymous_6)
FNDA:0,workspaceDir
FNDA:0,optsAllPropertiesExist
FNDA:0,(anonymous_9)
FNDA:1,creds
FNDA:0,setkeyv
FNDA:0,(anonymous_12)
DA:1,1
DA:3,1
DA:4,1
DA:5,1
DA:16,0
DA:17,0
DA:18,0
DA:19,0
DA:22,0
DA:23,0
DA:25,0
DA:29,1
DA:30,0
DA:31,0
DA:32,0
DA:35,0
DA:36,0
DA:37,0
DA:40,0
DA:41,0
DA:42,0
DA:48,0
DA:49,0
DA:50,0
DA:51,0
DA:53,0
DA:54,0
DA:57,0
DA:62,0
DA:66,0
DA:70,1
DA:78,0
DA:79,0
DA:81,0
DA:83,0
LF:35
LH:6
BRDA:,0,0,0
BRDA:,0,1,0
BRDA:,1,0,0
BRDA:,1,1,0
BRDA:,2,0,0
BRDA:,2,1,0
BRDA:,3,0,0
BRDA:,3,1,0
BRDA:,4,0,0
BRDA:,4,1,0
BRDA:,5,0,0
BRDA:,5,1,0
BRDA:,6,0,0
BRDA:,6,1,0
BRDA:,7,0,0
BRDA:,7,1,0
BRDA:,8,0,0
BRDA:,8,1,0
BRDA:,9,0,0
BRDA:,9,1,0
BRDA:,10,0,0
BRDA:,10,1,0
BRDA:,11,0,0
BRDA:,11,1,0
BRDA:,12,0,0
BRDA:,12,1,0
BRDA:,13,0,0
BRDA:,13,1,0
BRDA:,14,0,0
BRDA:,14,1,0
BRDA:,15,0,0
BRDA:,15,1,0
BRDA:,16,0,0
BRDA:,16,1,0
BRDA:,17,0,0
BRDA:,17,1,0
BRDA:,18,0,0
BRDA:,18,1,0
BRDA:,19,0,0
BRDA:,19,1,0
BRF:40
BRH:0
end_of_record
TN:
SF:/home/travis/build/thailekha/dynamic-dockerizer-master/src/middleware/jwt-authenticate/index.js
FN:,middleware
FN:,(anonymous_6)
FNF:2
FNH:0
FNDA:0,middleware
FNDA:0,(anonymous_6)
DA:1,1
DA:3,2
DA:5,2
DA:6,0
DA:9,0
DA:10,0
DA:11,0
DA:17,0
DA:18,0
DA:19,0
DA:25,0
DA:26,0
DA:27,0
DA:30,0
DA:32,0
DA:36,2
LF:16
LH:4
BRDA:,0,0,2
BRDA:,0,1,0
BRDA:,1,0,2
BRDA:,1,1,2
BRDA:,2,0,0
BRDA:,2,1,2
BRDA:,3,0,0
BRDA:,3,1,0
BRDA:,4,0,0
BRDA:,4,1,0
BRDA:,5,0,0
BRDA:,5,1,0
BRDA:,6,0,0
BRDA:,6,1,0
BRDA:,7,0,0
BRDA:,7,1,0
BRDA:,8,0,0
BRDA:,8,1,0
BRDA:,9,0,0
BRDA:,9,1,0
BRF:20
BRH:4
end_of_record
TN:
SF:/home/travis/build/thailekha/dynamic-dockerizer-master/src/middleware/progress/index.js
FN:,middleware
FN:,(anonymous_2)
FNF:2
FNH:0
FNDA:0,middleware
FNDA:0,(anonymous_2)
DA:3,1
DA:4,0
DA:8,0
DA:9,0
DA:10,0
DA:13,0
DA:16,0
DA:19,1
LF:8
LH:2
BRDA:,0,0,0
BRDA:,0,1,1
BRDA:,1,0,0
BRDA:,1,1,0
BRF:4
BRH:1
end_of_record
