TN:
SF:/home/travis/build/thailekha/dynamic-dockerizer-master/src/index.js
FN:,(anonymous_1)
FN:,(anonymous_2)
FNF:2
FNH:1
FNDA:0,(anonymous_1)
FNDA:1,(anonymous_2)
DA:1,1
DA:2,1
DA:3,1
DA:4,1
DA:5,1
DA:6,1
DA:7,1
DA:8,1
DA:9,1
DA:10,1
DA:11,1
DA:13,1
DA:23,1
DA:28,1
DA:29,1
DA:32,1
DA:35,1
DA:39,1
DA:43,1
DA:45,1
DA:47,1
DA:48,0
DA:51,1
DA:53,1
DA:54,1
LF:25
LH:24
BRDA:,0,0,1
BRDA:,0,1,1
BRF:2
BRH:2
end_of_record
TN:
SF:/home/travis/build/thailekha/dynamic-dockerizer-master/src/api/ec2.js
FN:,(anonymous_2)
FN:,(anonymous_3)
FN:,(anonymous_4)
FN:,(anonymous_5)
FN:,(anonymous_6)
FN:,(anonymous_7)
FN:,(anonymous_8)
FN:,(anonymous_9)
FN:,(anonymous_10)
FN:,(anonymous_11)
FN:,(anonymous_12)
FN:,(anonymous_13)
FN:,(anonymous_14)
FN:,(anonymous_15)
FN:,(anonymous_16)
FN:,(anonymous_17)
FN:,(anonymous_18)
FN:,(anonymous_19)
FN:,(anonymous_20)
FN:,(anonymous_21)
FNF:20
FNH:0
FNDA:0,(anonymous_2)
FNDA:0,(anonymous_3)
FNDA:0,(anonymous_4)
FNDA:0,(anonymous_5)
FNDA:0,(anonymous_6)
FNDA:0,(anonymous_7)
FNDA:0,(anonymous_8)
FNDA:0,(anonymous_9)
FNDA:0,(anonymous_10)
FNDA:0,(anonymous_11)
FNDA:0,(anonymous_12)
FNDA:0,(anonymous_13)
FNDA:0,(anonymous_14)
FNDA:0,(anonymous_15)
FNDA:0,(anonymous_16)
FNDA:0,(anonymous_17)
FNDA:0,(anonymous_18)
FNDA:0,(anonymous_19)
FNDA:0,(anonymous_20)
FNDA:0,(anonymous_21)
DA:1,1
DA:2,1
DA:3,1
DA:4,1
DA:5,1
DA:6,1
DA:7,1
DA:8,1
DA:9,1
DA:11,1
DA:14,1
DA:16,1
DA:18,1
DA:20,0
DA:21,0
DA:22,0
DA:25,0
DA:29,1
DA:32,0
DA:33,0
DA:36,0
DA:37,0
DA:38,0
DA:41,0
DA:45,1
DA:48,0
DA:49,0
DA:52,0
DA:53,0
DA:54,0
DA:57,0
DA:61,1
DA:64,0
DA:65,0
DA:68,0
DA:69,0
DA:75,0
DA:76,0
DA:77,0
DA:80,0
DA:84,1
DA:85,0
DA:86,0
DA:87,0
DA:88,0
DA:90,0
DA:94,1
DA:95,0
DA:97,0
DA:98,0
DA:99,0
DA:100,0
DA:103,0
DA:107,1
DA:110,0
DA:111,0
DA:114,0
DA:115,0
DA:116,0
DA:119,0
DA:123,1
DA:124,0
DA:125,0
DA:126,0
DA:127,0
DA:129,0
DA:133,1
DA:134,0
DA:135,0
DA:136,0
DA:137,0
DA:139,0
DA:143,1
DA:144,0
DA:145,0
DA:146,0
DA:149,0
DA:150,0
DA:156,0
DA:157,0
DA:163,0
DA:167,1
LF:82
LH:23
BRDA:,0,0,0
BRDA:,0,1,0
BRDA:,1,0,0
BRDA:,1,1,0
BRDA:,2,0,0
BRDA:,2,1,0
BRDA:,3,0,0
BRDA:,3,1,0
BRDA:,4,0,0
BRDA:,4,1,0
BRDA:,5,0,0
BRDA:,5,1,0
BRDA:,6,0,0
BRDA:,6,1,0
BRDA:,7,0,0
BRDA:,7,1,0
BRDA:,8,0,0
BRDA:,8,1,0
BRDA:,9,0,0
BRDA:,9,1,0
BRDA:,10,0,0
BRDA:,10,1,0
BRDA:,11,0,0
BRDA:,11,1,0
BRDA:,12,0,0
BRDA:,12,1,0
BRDA:,13,0,0
BRDA:,13,1,0
BRDA:,14,0,0
BRDA:,14,1,0
BRDA:,15,0,0
BRDA:,15,1,0
BRDA:,16,0,0
BRDA:,16,1,0
BRF:34
BRH:0
end_of_record
TN:
SF:/home/travis/build/thailekha/dynamic-dockerizer-master/src/api/error.js
FN:,errorHandler
FN:,(anonymous_2)
FNF:2
FNH:0
FNDA:0,errorHandler
FNDA:0,(anonymous_2)
DA:1,1
DA:4,0
DA:5,0
DA:7,0
DA:8,0
DA:9,0
DA:13,0
DA:15,0
LF:8
LH:1
BRDA:,0,0,0
BRDA:,0,1,0
BRDA:,1,0,0
BRDA:,1,1,0
BRDA:,2,0,0
BRDA:,2,1,0
BRDA:,3,0,0
BRDA:,3,1,0
BRDA:,3,2,0
BRDA:,4,0,0
BRDA:,4,1,0
BRDA:,5,0,0
BRDA:,5,1,0
BRDA:,5,2,0
BRF:14
BRH:0
end_of_record
TN:
SF:/home/travis/build/thailekha/dynamic-dockerizer-master/src/api/iam.js
FN:,(anonymous_1)
FN:,(anonymous_2)
FNF:2
FNH:2
FNDA:1,(anonymous_1)
FNDA:1,(anonymous_2)
DA:1,1
DA:2,1
DA:3,1
DA:4,1
DA:5,1
DA:6,1
DA:8,1
DA:38,1
DA:41,1
DA:42,0
DA:45,1
DA:47,1
DA:48,1
DA:49,0
DA:52,1
DA:56,2
DA:58,1
LF:17
LH:15
BRDA:,0,0,0
BRDA:,0,1,1
BRDA:,1,0,0
BRDA:,1,1,1
BRF:4
BRH:2
end_of_record
TN:
SF:/home/travis/build/thailekha/dynamic-dockerizer-master/src/api/index.js
FN:,buildAPI
FNF:1
FNH:1
FNDA:1,buildAPI
DA:1,1
DA:2,1
DA:3,1
DA:4,1
DA:5,1
DA:7,1
DA:10,1
DA:11,1
DA:12,1
DA:13,1
LF:10
LH:10
BRF:0
BRH:0
end_of_record
TN:
SF:/home/travis/build/thailekha/dynamic-dockerizer-master/src/api/progress.js
FN:,(anonymous_2)
FN:,(anonymous_3)
FN:,(anonymous_4)
FNF:3
FNH:0
FNDA:0,(anonymous_2)
FNDA:0,(anonymous_3)
FNDA:0,(anonymous_4)
DA:1,1
DA:2,1
DA:3,1
DA:4,1
DA:6,1
DA:9,1
DA:11,1
DA:12,0
DA:15,0
DA:16,0
DA:18,0
DA:22,1
DA:23,0
DA:24,0
DA:27,1
LF:15
LH:9
BRDA:,0,0,0
BRDA:,0,1,0
BRF:2
BRH:0
end_of_record
TN:
SF:/home/travis/build/thailekha/dynamic-dockerizer-master/src/api/ec2/index.js
FN:,getRegions
FN:,(anonymous_3)
FN:,(anonymous_4)
FN:,(anonymous_5)
FN:,(anonymous_6)
FN:,(anonymous_7)
FN:,(anonymous_8)
FN:,filterRunningInstances
FN:,(anonymous_10)
FN:,(anonymous_11)
FN:,(anonymous_12)
FN:,(anonymous_13)
FN:,getInstanceFromIP
FN:,(anonymous_15)
FN:,(anonymous_16)
FN:,(anonymous_17)
FN:,(anonymous_18)
FN:,(anonymous_19)
FN:,(anonymous_20)
FN:,getInstances
FN:,(anonymous_22)
FN:,(anonymous_23)
FN:,(anonymous_24)
FN:,(anonymous_25)
FN:,(anonymous_26)
FN:,(anonymous_27)
FN:,(anonymous_28)
FN:,(anonymous_29)
FN:,(anonymous_30)
FN:,(anonymous_31)
FN:,(anonymous_32)
FN:,(anonymous_33)
FN:,(anonymous_34)
FN:,(anonymous_35)
FN:,(anonymous_36)
FN:,(anonymous_37)
FN:,(anonymous_38)
FN:,(anonymous_39)
FN:,(anonymous_40)
FN:,(anonymous_41)
FN:,(anonymous_42)
FN:,(anonymous_43)
FN:,(anonymous_44)
FN:,(anonymous_45)
FN:,(anonymous_46)
FN:,(anonymous_47)
FN:,(anonymous_48)
FN:,getImportedAndCloned
FN:,(anonymous_50)
FN:,(anonymous_51)
FN:,(anonymous_52)
FN:,(anonymous_53)
FN:,(anonymous_54)
FN:,(anonymous_55)
FN:,(anonymous_56)
FN:,(anonymous_57)
FN:,(anonymous_58)
FN:,(anonymous_59)
FN:,(anonymous_60)
FN:,(anonymous_61)
FN:,(anonymous_62)
FN:,(anonymous_63)
FN:,(anonymous_64)
FN:,(anonymous_65)
FN:,(anonymous_66)
FN:,(anonymous_67)
FN:,(anonymous_68)
FN:,(anonymous_69)
FN:,getTarget
FN:,(anonymous_71)
FN:,(anonymous_72)
FN:,updateAwsConfig
FN:,(anonymous_74)
FN:,update
FN:,(anonymous_76)
FN:,(anonymous_77)
FN:,cloneInstance
FN:,(anonymous_79)
FN:,(anonymous_80)
FN:,(anonymous_81)
FN:,(anonymous_82)
FN:,(anonymous_83)
FN:,(anonymous_84)
FN:,(anonymous_85)
FN:,(anonymous_86)
FN:,(anonymous_87)
FN:,(anonymous_88)
FN:,(anonymous_89)
FN:,(anonymous_90)
FN:,(anonymous_91)
FN:,(anonymous_92)
FN:,(anonymous_93)
FN:,(anonymous_94)
FN:,(anonymous_95)
FN:,(anonymous_96)
FN:,(anonymous_97)
FN:,(anonymous_98)
FN:,(anonymous_99)
FN:,(anonymous_100)
FN:,(anonymous_101)
FN:,(anonymous_102)
FN:,(anonymous_103)
FN:,targetImportedAndCloned
FN:,(anonymous_105)
FN:,(anonymous_106)
FN:,(anonymous_107)
FN:,(anonymous_108)
FN:,(anonymous_109)
FN:,destroy
FN:,(anonymous_111)
FN:,(anonymous_112)
FN:,(anonymous_113)
FN:,(anonymous_114)
FN:,(anonymous_115)
FN:,(anonymous_116)
FN:,(anonymous_117)
FN:,(anonymous_118)
FN:,(anonymous_119)
FN:,(anonymous_120)
FN:,(anonymous_121)
FN:,(anonymous_122)
FNF:121
FNH:0
FNDA:0,getRegions
FNDA:0,(anonymous_3)
FNDA:0,(anonymous_4)
FNDA:0,(anonymous_5)
FNDA:0,(anonymous_6)
FNDA:0,(anonymous_7)
FNDA:0,(anonymous_8)
FNDA:0,filterRunningInstances
FNDA:0,(anonymous_10)
FNDA:0,(anonymous_11)
FNDA:0,(anonymous_12)
FNDA:0,(anonymous_13)
FNDA:0,getInstanceFromIP
FNDA:0,(anonymous_15)
FNDA:0,(anonymous_16)
FNDA:0,(anonymous_17)
FNDA:0,(anonymous_18)
FNDA:0,(anonymous_19)
FNDA:0,(anonymous_20)
FNDA:0,getInstances
FNDA:0,(anonymous_22)
FNDA:0,(anonymous_23)
FNDA:0,(anonymous_24)
FNDA:0,(anonymous_25)
FNDA:0,(anonymous_26)
FNDA:0,(anonymous_27)
FNDA:0,(anonymous_28)
FNDA:0,(anonymous_29)
FNDA:0,(anonymous_30)
FNDA:0,(anonymous_31)
FNDA:0,(anonymous_32)
FNDA:0,(anonymous_33)
FNDA:0,(anonymous_34)
FNDA:0,(anonymous_35)
FNDA:0,(anonymous_36)
FNDA:0,(anonymous_37)
FNDA:0,(anonymous_38)
FNDA:0,(anonymous_39)
FNDA:0,(anonymous_40)
FNDA:0,(anonymous_41)
FNDA:0,(anonymous_42)
FNDA:0,(anonymous_43)
FNDA:0,(anonymous_44)
FNDA:0,(anonymous_45)
FNDA:0,(anonymous_46)
FNDA:0,(anonymous_47)
FNDA:0,(anonymous_48)
FNDA:0,getImportedAndCloned
FNDA:0,(anonymous_50)
FNDA:0,(anonymous_51)
FNDA:0,(anonymous_52)
FNDA:0,(anonymous_53)
FNDA:0,(anonymous_54)
FNDA:0,(anonymous_55)
FNDA:0,(anonymous_56)
FNDA:0,(anonymous_57)
FNDA:0,(anonymous_58)
FNDA:0,(anonymous_59)
FNDA:0,(anonymous_60)
FNDA:0,(anonymous_61)
FNDA:0,(anonymous_62)
FNDA:0,(anonymous_63)
FNDA:0,(anonymous_64)
FNDA:0,(anonymous_65)
FNDA:0,(anonymous_66)
FNDA:0,(anonymous_67)
FNDA:0,(anonymous_68)
FNDA:0,(anonymous_69)
FNDA:0,getTarget
FNDA:0,(anonymous_71)
FNDA:0,(anonymous_72)
FNDA:0,updateAwsConfig
FNDA:0,(anonymous_74)
FNDA:0,update
FNDA:0,(anonymous_76)
FNDA:0,(anonymous_77)
FNDA:0,cloneInstance
FNDA:0,(anonymous_79)
FNDA:0,(anonymous_80)
FNDA:0,(anonymous_81)
FNDA:0,(anonymous_82)
FNDA:0,(anonymous_83)
FNDA:0,(anonymous_84)
FNDA:0,(anonymous_85)
FNDA:0,(anonymous_86)
FNDA:0,(anonymous_87)
FNDA:0,(anonymous_88)
FNDA:0,(anonymous_89)
FNDA:0,(anonymous_90)
FNDA:0,(anonymous_91)
FNDA:0,(anonymous_92)
FNDA:0,(anonymous_93)
FNDA:0,(anonymous_94)
FNDA:0,(anonymous_95)
FNDA:0,(anonymous_96)
FNDA:0,(anonymous_97)
FNDA:0,(anonymous_98)
FNDA:0,(anonymous_99)
FNDA:0,(anonymous_100)
FNDA:0,(anonymous_101)
FNDA:0,(anonymous_102)
FNDA:0,(anonymous_103)
FNDA:0,targetImportedAndCloned
FNDA:0,(anonymous_105)
FNDA:0,(anonymous_106)
FNDA:0,(anonymous_107)
FNDA:0,(anonymous_108)
FNDA:0,(anonymous_109)
FNDA:0,destroy
FNDA:0,(anonymous_111)
FNDA:0,(anonymous_112)
FNDA:0,(anonymous_113)
FNDA:0,(anonymous_114)
FNDA:0,(anonymous_115)
FNDA:0,(anonymous_116)
FNDA:0,(anonymous_117)
FNDA:0,(anonymous_118)
FNDA:0,(anonymous_119)
FNDA:0,(anonymous_120)
FNDA:0,(anonymous_121)
FNDA:0,(anonymous_122)
DA:1,1
DA:2,1
DA:3,1
DA:4,1
DA:5,1
DA:8,0
DA:10,0
DA:12,0
DA:13,0
DA:14,0
DA:17,0
DA:21,0
DA:22,0
DA:23,0
DA:24,0
DA:25,0
DA:28,0
DA:30,0
DA:35,0
DA:36,0
DA:38,0
DA:43,0
DA:45,0
DA:47,0
DA:48,0
DA:57,0
DA:63,0
DA:65,0
DA:67,0
DA:68,0
DA:69,0
DA:72,0
DA:76,0
DA:77,0
DA:78,0
DA:79,0
DA:80,0
DA:84,0
DA:85,0
DA:87,0
DA:88,0
DA:94,0
DA:96,0
DA:101,0
DA:102,0
DA:104,0
DA:109,0
DA:110,0
DA:112,0
DA:114,0
DA:115,0
DA:116,0
DA:119,0
DA:123,0
DA:126,0
DA:127,0
DA:128,0
DA:129,0
DA:130,0
DA:133,0
DA:135,0
DA:139,0
DA:142,0
DA:143,0
DA:144,0
DA:148,0
DA:151,0
DA:152,0
DA:155,0
DA:156,0
DA:157,0
DA:159,0
DA:163,0
DA:164,0
DA:167,0
DA:168,0
DA:169,0
DA:172,0
DA:173,0
DA:176,0
DA:179,0
DA:180,0
DA:182,0
DA:184,0
DA:185,0
DA:188,0
DA:189,0
DA:191,0
DA:195,0
DA:198,0
DA:199,0
DA:202,0
DA:203,0
DA:204,0
DA:207,0
DA:208,0
DA:211,0
DA:214,0
DA:215,0
DA:217,0
DA:219,0
DA:220,0
DA:223,0
DA:224,0
DA:226,0
DA:231,0
DA:232,0
DA:234,0
DA:235,0
DA:236,0
DA:239,0
DA:244,0
DA:245,0
DA:247,0
DA:249,0
DA:250,0
DA:252,0
DA:256,0
DA:259,0
DA:260,0
DA:263,0
DA:264,0
DA:265,0
DA:266,0
DA:267,0
DA:270,0
DA:272,0
DA:276,0
DA:279,0
DA:280,0
DA:283,0
DA:284,0
DA:285,0
DA:288,0
DA:289,0
DA:292,0
DA:295,0
DA:296,0
DA:298,0
DA:300,0
DA:301,0
DA:304,0
DA:305,0
DA:307,0
DA:308,0
DA:311,0
DA:312,0
DA:316,0
DA:319,0
DA:320,0
DA:323,0
DA:324,0
DA:325,0
DA:328,0
DA:329,0
DA:332,0
DA:335,0
DA:336,0
DA:338,0
DA:340,0
DA:341,0
DA:344,0
DA:345,0
DA:347,0
DA:348,0
DA:351,0
DA:352,0
DA:357,0
DA:358,0
DA:360,0
DA:365,0
DA:366,0
DA:367,0
DA:370,0
DA:371,0
DA:373,0
DA:374,0
DA:377,0
DA:382,0
DA:383,0
DA:384,0
DA:387,0
DA:392,0
DA:393,0
DA:394,0
DA:404,0
DA:405,0
DA:406,0
DA:409,0
DA:415,0
DA:417,0
DA:419,0
DA:420,0
DA:421,0
DA:424,0
DA:428,0
DA:431,0
DA:432,0
DA:433,0
DA:436,0
DA:437,0
DA:441,0
DA:444,0
DA:445,0
DA:446,0
DA:449,0
DA:450,0
DA:456,0
DA:460,0
DA:463,0
DA:464,0
DA:465,0
DA:466,0
DA:468,0
DA:472,0
DA:475,0
DA:476,0
DA:477,0
DA:478,0
DA:480,0
DA:481,0
DA:482,0
DA:483,0
DA:484,0
DA:486,0
DA:489,0
DA:494,0
DA:497,0
DA:498,0
DA:499,0
DA:501,0
DA:505,0
DA:508,0
DA:509,0
DA:511,0
DA:512,0
DA:514,0
DA:518,0
DA:521,0
DA:522,0
DA:523,0
DA:525,0
DA:529,0
DA:530,0
DA:533,0
DA:538,0
DA:539,0
DA:541,0
DA:543,0
DA:544,0
DA:545,0
DA:548,0
DA:552,0
DA:553,0
DA:554,0
DA:557,0
DA:558,0
DA:561,0
DA:562,0
DA:565,0
DA:570,0
DA:571,0
DA:573,0
DA:578,0
DA:579,0
DA:581,0
DA:583,0
DA:584,0
DA:585,0
DA:588,0
DA:592,0
DA:595,0
DA:596,0
DA:597,0
DA:600,0
DA:601,0
DA:604,0
DA:605,0
DA:608,0
DA:612,0
DA:615,0
DA:616,0
DA:618,0
DA:619,0
DA:620,0
DA:623,0
DA:627,0
DA:630,0
DA:631,0
DA:633,0
DA:634,0
DA:635,0
DA:638,0
DA:643,0
DA:644,0
DA:646,0
LF:296
LH:5
BRDA:,0,0,0
BRDA:,0,1,0
BRDA:,1,0,0
BRDA:,1,1,0
BRDA:,2,0,0
BRDA:,2,1,0
BRDA:,3,0,0
BRDA:,3,1,0
BRDA:,4,0,0
BRDA:,4,1,0
BRDA:,5,0,0
BRDA:,5,1,0
BRDA:,6,0,0
BRDA:,6,1,0
BRDA:,7,0,0
BRDA:,7,1,0
BRDA:,8,0,0
BRDA:,8,1,0
BRDA:,9,0,0
BRDA:,9,1,0
BRDA:,10,0,0
BRDA:,10,1,0
BRDA:,11,0,0
BRDA:,11,1,0
BRDA:,12,0,0
BRDA:,12,1,0
BRDA:,13,0,0
BRDA:,13,1,0
BRDA:,14,0,0
BRDA:,14,1,0
BRDA:,15,0,0
BRDA:,15,1,0
BRDA:,16,0,0
BRDA:,16,1,0
BRDA:,17,0,0
BRDA:,17,1,0
BRDA:,18,0,0
BRDA:,18,1,0
BRDA:,19,0,0
BRDA:,19,1,0
BRDA:,20,0,0
BRDA:,20,1,0
BRDA:,21,0,0
BRDA:,21,1,0
BRDA:,22,0,0
BRDA:,22,1,0
BRDA:,23,0,0
BRDA:,23,1,0
BRDA:,24,0,0
BRDA:,24,1,0
BRDA:,25,0,0
BRDA:,25,1,0
BRDA:,26,0,0
BRDA:,26,1,0
BRDA:,27,0,0
BRDA:,27,1,0
BRDA:,28,0,0
BRDA:,28,1,0
BRDA:,29,0,0
BRDA:,29,1,0
BRDA:,30,0,0
BRDA:,30,1,0
BRDA:,31,0,0
BRDA:,31,1,0
BRDA:,32,0,0
BRDA:,32,1,0
BRDA:,33,0,0
BRDA:,33,1,0
BRDA:,34,0,0
BRDA:,34,1,0
BRDA:,35,0,0
BRDA:,35,1,0
BRDA:,36,0,0
BRDA:,36,1,0
BRDA:,37,0,0
BRDA:,37,1,0
BRDA:,38,0,0
BRDA:,38,1,0
BRDA:,39,0,0
BRDA:,39,1,0
BRDA:,40,0,0
BRDA:,40,1,0
BRDA:,41,0,0
BRDA:,41,1,0
BRDA:,42,0,0
BRDA:,42,1,0
BRDA:,43,0,0
BRDA:,43,1,0
BRDA:,44,0,0
BRDA:,44,1,0
BRDA:,45,0,0
BRDA:,45,1,0
BRDA:,46,0,0
BRDA:,46,1,0
BRDA:,47,0,0
BRDA:,47,1,0
BRDA:,48,0,0
BRDA:,48,1,0
BRDA:,49,0,0
BRDA:,49,1,0
BRDA:,50,0,0
BRDA:,50,1,0
BRDA:,51,0,0
BRDA:,51,1,0
BRDA:,52,0,0
BRDA:,52,1,0
BRDA:,53,0,0
BRDA:,53,1,0
BRDA:,54,0,0
BRDA:,54,1,0
BRDA:,55,0,0
BRDA:,55,1,0
BRDA:,56,0,0
BRDA:,56,1,0
BRDA:,57,0,0
BRDA:,57,1,0
BRDA:,58,0,0
BRDA:,58,1,0
BRDA:,59,0,0
BRDA:,59,1,0
BRDA:,60,0,0
BRDA:,60,1,0
BRDA:,61,0,0
BRDA:,61,1,0
BRDA:,62,0,0
BRDA:,62,1,0
BRDA:,63,0,0
BRDA:,63,1,0
BRDA:,64,0,0
BRDA:,64,1,0
BRDA:,65,0,0
BRDA:,65,1,0
BRDA:,66,0,0
BRDA:,66,1,0
BRDA:,67,0,0
BRDA:,67,1,0
BRDA:,68,0,0
BRDA:,68,1,0
BRDA:,69,0,0
BRDA:,69,1,0
BRDA:,70,0,0
BRDA:,70,1,0
BRDA:,71,0,0
BRDA:,71,1,0
BRDA:,72,0,0
BRDA:,72,1,0
BRF:146
BRH:0
end_of_record
TN:
SF:/home/travis/build/thailekha/dynamic-dockerizer-master/src/api/ec2/lib/terraform.js
FN:,terraformContainerCmd
FN:,init
FN:,(anonymous_3)
FN:,refresh
FN:,(anonymous_5)
FN:,show
FN:,(anonymous_7)
FN:,(anonymous_8)
FN:,(anonymous_9)
FN:,(anonymous_10)
FN:,(anonymous_11)
FN:,showMany
FN:,(anonymous_13)
FN:,(anonymous_14)
FN:,(anonymous_15)
FN:,(anonymous_16)
FN:,importTarget
FN:,(anonymous_18)
FN:,forget
FN:,(anonymous_20)
FN:,apply
FN:,(anonymous_22)
FN:,destroy
FN:,(anonymous_24)
FNF:24
FNH:0
FNDA:0,terraformContainerCmd
FNDA:0,init
FNDA:0,(anonymous_3)
FNDA:0,refresh
FNDA:0,(anonymous_5)
FNDA:0,show
FNDA:0,(anonymous_7)
FNDA:0,(anonymous_8)
FNDA:0,(anonymous_9)
FNDA:0,(anonymous_10)
FNDA:0,(anonymous_11)
FNDA:0,showMany
FNDA:0,(anonymous_13)
FNDA:0,(anonymous_14)
FNDA:0,(anonymous_15)
FNDA:0,(anonymous_16)
FNDA:0,importTarget
FNDA:0,(anonymous_18)
FNDA:0,forget
FNDA:0,(anonymous_20)
FNDA:0,apply
FNDA:0,(anonymous_22)
FNDA:0,destroy
FNDA:0,(anonymous_24)
DA:1,1
DA:2,1
DA:5,0
DA:6,0
DA:7,0
DA:12,0
DA:13,0
DA:14,0
DA:15,0
DA:16,0
DA:18,0
DA:23,0
DA:24,0
DA:25,0
DA:26,0
DA:27,0
DA:29,0
DA:34,0
DA:36,0
DA:38,0
DA:39,0
DA:40,0
DA:43,0
DA:47,0
DA:48,0
DA:49,0
DA:50,0
DA:51,0
DA:54,0
DA:55,0
DA:60,0
DA:61,0
DA:63,0
DA:68,0
DA:69,0
DA:70,0
DA:71,0
DA:72,0
DA:75,0
DA:76,0
DA:79,0
DA:83,0
DA:84,0
DA:85,0
DA:87,0
DA:92,0
DA:93,0
DA:94,0
DA:95,0
DA:96,0
DA:98,0
DA:103,0
DA:104,0
DA:105,0
DA:106,0
DA:107,0
DA:109,0
DA:114,0
DA:115,0
DA:116,0
DA:117,0
DA:118,0
DA:120,0
DA:125,0
DA:126,0
DA:127,0
DA:128,0
DA:129,0
DA:131,0
LF:69
LH:2
BRDA:,0,0,0
BRDA:,0,1,0
BRDA:,1,0,0
BRDA:,1,1,0
BRDA:,2,0,0
BRDA:,2,1,0
BRDA:,3,0,0
BRDA:,3,1,0
BRDA:,4,0,0
BRDA:,4,1,0
BRDA:,5,0,0
BRDA:,5,1,0
BRDA:,6,0,0
BRDA:,6,1,0
BRDA:,7,0,0
BRDA:,7,1,0
BRDA:,8,0,0
BRDA:,8,1,0
BRDA:,9,0,0
BRDA:,9,1,0
BRDA:,10,0,0
BRDA:,10,1,0
BRDA:,11,0,0
BRDA:,11,1,0
BRDA:,12,0,0
BRDA:,12,1,0
BRDA:,13,0,0
BRDA:,13,1,0
BRDA:,14,0,0
BRDA:,14,1,0
BRDA:,15,0,0
BRDA:,15,1,0
BRDA:,16,0,0
BRDA:,16,1,0
BRDA:,17,0,0
BRDA:,17,1,0
BRDA:,18,0,0
BRDA:,18,1,0
BRF:38
BRH:0
end_of_record
TN:
SF:/home/travis/build/thailekha/dynamic-dockerizer-master/src/api/ec2/lib/workspace.js
FN:,writeAwsSdkConfig
FN:,(anonymous_2)
FN:,create
FN:,(anonymous_4)
FN:,(anonymous_5)
FN:,(anonymous_6)
FN:,(anonymous_7)
FN:,(anonymous_8)
FN:,(anonymous_9)
FN:,(anonymous_10)
FN:,(anonymous_11)
FN:,(anonymous_12)
FN:,(anonymous_13)
FN:,(anonymous_14)
FN:,(anonymous_15)
FN:,(anonymous_16)
FN:,(anonymous_17)
FN:,(anonymous_18)
FN:,updateVars
FN:,(anonymous_20)
FN:,(anonymous_21)
FN:,(anonymous_22)
FN:,(anonymous_23)
FN:,(anonymous_24)
FN:,(anonymous_25)
FN:,(anonymous_26)
FN:,(anonymous_27)
FN:,(anonymous_28)
FN:,valid
FN:,(anonymous_30)
FN:,(anonymous_31)
FN:,(anonymous_32)
FN:,validWithoutVars
FN:,(anonymous_34)
FN:,validWithVars
FN:,(anonymous_36)
FN:,readVars
FN:,(anonymous_38)
FNF:38
FNH:0
FNDA:0,writeAwsSdkConfig
FNDA:0,(anonymous_2)
FNDA:0,create
FNDA:0,(anonymous_4)
FNDA:0,(anonymous_5)
FNDA:0,(anonymous_6)
FNDA:0,(anonymous_7)
FNDA:0,(anonymous_8)
FNDA:0,(anonymous_9)
FNDA:0,(anonymous_10)
FNDA:0,(anonymous_11)
FNDA:0,(anonymous_12)
FNDA:0,(anonymous_13)
FNDA:0,(anonymous_14)
FNDA:0,(anonymous_15)
FNDA:0,(anonymous_16)
FNDA:0,(anonymous_17)
FNDA:0,(anonymous_18)
FNDA:0,updateVars
FNDA:0,(anonymous_20)
FNDA:0,(anonymous_21)
FNDA:0,(anonymous_22)
FNDA:0,(anonymous_23)
FNDA:0,(anonymous_24)
FNDA:0,(anonymous_25)
FNDA:0,(anonymous_26)
FNDA:0,(anonymous_27)
FNDA:0,(anonymous_28)
FNDA:0,valid
FNDA:0,(anonymous_30)
FNDA:0,(anonymous_31)
FNDA:0,(anonymous_32)
FNDA:0,validWithoutVars
FNDA:0,(anonymous_34)
FNDA:0,validWithVars
FNDA:0,(anonymous_36)
FNDA:0,readVars
FNDA:0,(anonymous_38)
DA:1,1
DA:2,1
DA:3,1
DA:4,1
DA:5,1
DA:6,1
DA:9,0
DA:15,0
DA:16,0
DA:17,0
DA:18,0
DA:19,0
DA:21,0
DA:26,0
DA:28,0
DA:29,0
DA:30,0
DA:31,0
DA:32,0
DA:34,0
DA:38,0
DA:39,0
DA:40,0
DA:42,0
DA:46,0
DA:47,0
DA:48,0
DA:49,0
DA:50,0
DA:52,0
DA:56,0
DA:57,0
DA:58,0
DA:59,0
DA:60,0
DA:61,0
DA:63,0
DA:67,0
DA:68,0
DA:69,0
DA:70,0
DA:71,0
DA:72,0
DA:74,0
DA:78,0
DA:79,0
DA:80,0
DA:81,0
DA:82,0
DA:84,0
DA:88,0
DA:89,0
DA:90,0
DA:91,0
DA:92,0
DA:94,0
DA:98,0
DA:99,0
DA:100,0
DA:101,0
DA:103,0
DA:108,0
DA:110,0
DA:111,0
DA:112,0
DA:115,0
DA:119,0
DA:120,0
DA:121,0
DA:123,0
DA:127,0
DA:128,0
DA:129,0
DA:131,0
DA:135,0
DA:148,0
DA:149,0
DA:150,0
DA:152,0
DA:157,0
DA:158,0
DA:160,0
DA:165,0
DA:166,0
DA:167,0
DA:168,0
DA:171,0
DA:172,0
DA:175,0
DA:178,0
DA:179,0
DA:182,0
DA:187,0
DA:188,0
DA:195,0
DA:196,0
DA:199,0
DA:200,0
DA:206,0
DA:211,0
DA:212,0
DA:221,0
DA:222,0
DA:225,0
DA:226,0
DA:232,0
DA:237,0
DA:238,0
DA:239,0
DA:242,0
LF:110
LH:6
BRDA:,0,0,0
BRDA:,0,1,0
BRDA:,1,0,0
BRDA:,1,1,0
BRDA:,2,0,0
BRDA:,2,1,0
BRDA:,3,0,0
BRDA:,3,1,0
BRDA:,4,0,0
BRDA:,4,1,0
BRDA:,5,0,0
BRDA:,5,1,0
BRDA:,6,0,0
BRDA:,6,1,0
BRDA:,7,0,0
BRDA:,7,1,0
BRDA:,8,0,0
BRDA:,8,1,0
BRDA:,9,0,0
BRDA:,9,1,0
BRDA:,10,0,0
BRDA:,10,1,0
BRDA:,11,0,0
BRDA:,11,1,0
BRDA:,12,0,0
BRDA:,12,1,0
BRDA:,13,0,0
BRDA:,13,1,0
BRDA:,14,0,0
BRDA:,14,1,0
BRDA:,15,0,0
BRDA:,15,1,0
BRDA:,16,0,0
BRDA:,16,1,0
BRDA:,17,0,0
BRDA:,17,1,0
BRDA:,18,0,0
BRDA:,18,1,0
BRDA:,19,0,0
BRDA:,19,1,0
BRDA:,20,0,0
BRDA:,20,1,0
BRDA:,21,0,0
BRDA:,21,1,0
BRDA:,22,0,0
BRDA:,22,1,0
BRDA:,23,0,0
BRDA:,23,1,0
BRDA:,24,0,0
BRDA:,24,1,0
BRDA:,25,0,0
BRDA:,25,1,0
BRDA:,26,0,0
BRDA:,26,1,0
BRDA:,27,0,0
BRDA:,27,1,0
BRDA:,28,0,0
BRDA:,28,1,0
BRDA:,29,0,0
BRDA:,29,1,0
BRF:60
BRH:0
end_of_record
TN:
SF:/home/travis/build/thailekha/dynamic-dockerizer-master/src/api/iam/index.js
FN:,verifyIam
FN:,(anonymous_2)
FN:,(anonymous_3)
FN:,(anonymous_4)
FN:,(anonymous_5)
FN:,(anonymous_6)
FN:,(anonymous_7)
FN:,(anonymous_8)
FNF:8
FNH:7
FNDA:1,verifyIam
FNDA:1,(anonymous_2)
FNDA:1,(anonymous_3)
FNDA:1,(anonymous_4)
FNDA:1,(anonymous_5)
FNDA:7,(anonymous_6)
FNDA:0,(anonymous_7)
FNDA:1,(anonymous_8)
DA:1,1
DA:2,1
DA:6,1
DA:7,1
DA:8,1
DA:9,1
DA:11,1
DA:13,1
DA:17,1
DA:18,0
DA:21,1
DA:22,1
DA:26,1
DA:27,1
DA:28,0
DA:31,7
DA:32,1
DA:35,0
DA:43,0
DA:44,0
DA:45,0
DA:48,0
DA:54,1
DA:55,0
DA:57,1
LF:25
LH:17
BRDA:,0,0,0
BRDA:,0,1,1
BRDA:,1,0,0
BRDA:,1,1,1
BRDA:,2,0,1
BRDA:,2,1,0
BRDA:,3,0,0
BRDA:,3,1,0
BRDA:,4,0,0
BRDA:,4,1,1
BRF:10
BRH:4
end_of_record
TN:
SF:/home/travis/build/thailekha/dynamic-dockerizer-master/src/lib/util.js
FN:,toRes
FN:,(anonymous_2)
FN:,overview
FN:,info
FN:,debug
FN:,shell
FN:,(anonymous_7)
FN:,workspaceDir
FN:,optsAllPropertiesExist
FN:,(anonymous_10)
FN:,creds
FN:,setkeyv
FN:,(anonymous_13)
FN:,stringsValidators
FN:,(anonymous_15)
FN:,validRequest
FN:,(anonymous_17)
FNF:17
FNH:4
FNDA:0,toRes
FNDA:0,(anonymous_2)
FNDA:0,overview
FNDA:0,info
FNDA:0,debug
FNDA:0,shell
FNDA:0,(anonymous_7)
FNDA:0,workspaceDir
FNDA:0,optsAllPropertiesExist
FNDA:0,(anonymous_10)
FNDA:1,creds
FNDA:0,setkeyv
FNDA:0,(anonymous_13)
FNDA:5,stringsValidators
FNDA:12,(anonymous_15)
FNDA:1,validRequest
FNDA:0,(anonymous_17)
DA:1,1
DA:2,1
DA:3,1
DA:5,1
DA:6,1
DA:7,1
DA:18,0
DA:19,0
DA:20,0
DA:21,0
DA:24,0
DA:25,0
DA:27,0
DA:31,1
DA:32,0
DA:33,0
DA:34,0
DA:37,0
DA:38,0
DA:39,0
DA:42,0
DA:43,0
DA:44,0
DA:50,0
DA:51,0
DA:52,0
DA:53,0
DA:55,0
DA:56,0
DA:59,0
DA:64,0
DA:68,0
DA:72,1
DA:80,0
DA:81,0
DA:83,0
DA:85,0
DA:90,12
DA:94,1
DA:96,1
DA:97,0
DA:103,1
LF:42
LH:12
BRDA:,0,0,0
BRDA:,0,1,0
BRDA:,1,0,0
BRDA:,1,1,0
BRDA:,2,0,0
BRDA:,2,1,0
BRDA:,3,0,0
BRDA:,3,1,0
BRDA:,4,0,0
BRDA:,4,1,0
BRDA:,5,0,0
BRDA:,5,1,0
BRDA:,6,0,0
BRDA:,6,1,0
BRDA:,7,0,0
BRDA:,7,1,0
BRDA:,8,0,0
BRDA:,8,1,0
BRDA:,9,0,0
BRDA:,9,1,0
BRDA:,10,0,0
BRDA:,10,1,0
BRDA:,11,0,0
BRDA:,11,1,0
BRDA:,12,0,0
BRDA:,12,1,0
BRDA:,13,0,0
BRDA:,13,1,0
BRDA:,14,0,0
BRDA:,14,1,0
BRDA:,15,0,0
BRDA:,15,1,0
BRDA:,16,0,0
BRDA:,16,1,0
BRDA:,17,0,0
BRDA:,17,1,0
BRDA:,18,0,0
BRDA:,18,1,0
BRDA:,19,0,0
BRDA:,19,1,0
BRDA:,20,0,12
BRDA:,20,1,0
BRDA:,21,0,0
BRDA:,21,1,1
BRF:44
BRH:2
end_of_record
TN:
SF:/home/travis/build/thailekha/dynamic-dockerizer-master/src/middleware/jwt-authenticate/index.js
FN:,middleware
FN:,(anonymous_6)
FNF:2
FNH:0
FNDA:0,middleware
FNDA:0,(anonymous_6)
DA:1,1
DA:3,2
DA:5,2
DA:6,0
DA:9,0
DA:10,0
DA:11,0
DA:17,0
DA:18,0
DA:19,0
DA:25,0
DA:26,0
DA:27,0
DA:30,0
DA:32,0
DA:36,2
LF:16
LH:4
BRDA:,0,0,2
BRDA:,0,1,0
BRDA:,1,0,2
BRDA:,1,1,2
BRDA:,2,0,0
BRDA:,2,1,2
BRDA:,3,0,0
BRDA:,3,1,0
BRDA:,4,0,0
BRDA:,4,1,0
BRDA:,5,0,0
BRDA:,5,1,0
BRDA:,6,0,0
BRDA:,6,1,0
BRDA:,7,0,0
BRDA:,7,1,0
BRDA:,8,0,0
BRDA:,8,1,0
BRDA:,9,0,0
BRDA:,9,1,0
BRF:20
BRH:4
end_of_record
TN:
SF:/home/travis/build/thailekha/dynamic-dockerizer-master/src/middleware/progress/index.js
FN:,middleware
FN:,(anonymous_2)
FNF:2
FNH:0
FNDA:0,middleware
FNDA:0,(anonymous_2)
DA:3,1
DA:4,0
DA:8,0
DA:9,0
DA:10,0
DA:13,0
DA:16,0
DA:19,1
LF:8
LH:2
BRDA:,0,0,0
BRDA:,0,1,1
BRDA:,1,0,0
BRDA:,1,1,0
BRF:4
BRH:1
end_of_record
